c:\users\maru\downloads\protobuf-2.4.1\protobuf-2.4.1\vsprojects\release\vc120.pdb
c:\users\maru\downloads\protobuf-2.4.1\protobuf-2.4.1\vsprojects\release\reflection_ops.obj
c:\users\maru\downloads\protobuf-2.4.1\protobuf-2.4.1\vsprojects\release\message_lite.obj
c:\users\maru\downloads\protobuf-2.4.1\protobuf-2.4.1\vsprojects\release\zero_copy_stream_impl_lite.obj
c:\users\maru\downloads\protobuf-2.4.1\protobuf-2.4.1\vsprojects\release\zero_copy_stream_impl.obj
c:\users\maru\downloads\protobuf-2.4.1\protobuf-2.4.1\vsprojects\release\zero_copy_stream.obj
c:\users\maru\downloads\protobuf-2.4.1\protobuf-2.4.1\vsprojects\release\tokenizer.obj
c:\users\maru\downloads\protobuf-2.4.1\protobuf-2.4.1\vsprojects\release\printer.obj
c:\users\maru\downloads\protobuf-2.4.1\protobuf-2.4.1\vsprojects\release\gzip_stream.obj
c:\users\maru\downloads\protobuf-2.4.1\protobuf-2.4.1\vsprojects\release\coded_stream.obj
c:\users\maru\downloads\protobuf-2.4.1\protobuf-2.4.1\vsprojects\release\generated_message_util.obj
c:\users\maru\downloads\protobuf-2.4.1\protobuf-2.4.1\vsprojects\release\generated_message_reflection.obj
c:\users\maru\downloads\protobuf-2.4.1\protobuf-2.4.1\vsprojects\release\dynamic_message.obj
c:\users\maru\downloads\protobuf-2.4.1\protobuf-2.4.1\vsprojects\release\descriptor.pb.obj
c:\users\maru\downloads\protobuf-2.4.1\protobuf-2.4.1\vsprojects\release\descriptor.obj
c:\users\maru\downloads\protobuf-2.4.1\protobuf-2.4.1\vsprojects\release\importer.obj
c:\users\maru\downloads\protobuf-2.4.1\protobuf-2.4.1\vsprojects\release\substitute.obj
c:\users\maru\downloads\protobuf-2.4.1\protobuf-2.4.1\vsprojects\release\strutil.obj
c:\users\maru\downloads\protobuf-2.4.1\protobuf-2.4.1\vsprojects\release\structurally_valid.obj
c:\users\maru\downloads\protobuf-2.4.1\protobuf-2.4.1\vsprojects\release\once.obj
c:\users\maru\downloads\protobuf-2.4.1\protobuf-2.4.1\vsprojects\release\common.obj
c:\users\maru\downloads\protobuf-2.4.1\protobuf-2.4.1\vsprojects\release\service.obj
c:\users\maru\downloads\protobuf-2.4.1\protobuf-2.4.1\vsprojects\release\repeated_field.obj
c:\users\maru\downloads\protobuf-2.4.1\protobuf-2.4.1\vsprojects\release\wire_format_lite.obj
c:\users\maru\downloads\protobuf-2.4.1\protobuf-2.4.1\vsprojects\release\wire_format.obj
c:\users\maru\downloads\protobuf-2.4.1\protobuf-2.4.1\vsprojects\release\unknown_field_set.obj
c:\users\maru\downloads\protobuf-2.4.1\protobuf-2.4.1\vsprojects\release\text_format.obj
c:\users\maru\downloads\protobuf-2.4.1\protobuf-2.4.1\vsprojects\release\message.obj
c:\users\maru\downloads\protobuf-2.4.1\protobuf-2.4.1\vsprojects\release\extension_set_heavy.obj
c:\users\maru\downloads\protobuf-2.4.1\protobuf-2.4.1\vsprojects\release\extension_set.obj
c:\users\maru\downloads\protobuf-2.4.1\protobuf-2.4.1\vsprojects\release\descriptor_database.obj
c:\users\maru\downloads\protobuf-2.4.1\protobuf-2.4.1\vsprojects\release\parser.obj
c:\users\maru\downloads\protobuf-2.4.1\protobuf-2.4.1\vsprojects\release\libprotobuf.lib
c:\users\maru\downloads\protobuf-2.4.1\protobuf-2.4.1\vsprojects\release\code_generator.obj
c:\users\maru\downloads\protobuf-2.4.1\protobuf-2.4.1\vsprojects\release\cpp_enum.obj
c:\users\maru\downloads\protobuf-2.4.1\protobuf-2.4.1\vsprojects\release\cpp_enum_field.obj
c:\users\maru\downloads\protobuf-2.4.1\protobuf-2.4.1\vsprojects\release\cpp_extension.obj
c:\users\maru\downloads\protobuf-2.4.1\protobuf-2.4.1\vsprojects\release\cpp_field.obj
c:\users\maru\downloads\protobuf-2.4.1\protobuf-2.4.1\vsprojects\release\cpp_file.obj
c:\users\maru\downloads\protobuf-2.4.1\protobuf-2.4.1\vsprojects\release\cpp_generator.obj
c:\users\maru\downloads\protobuf-2.4.1\protobuf-2.4.1\vsprojects\release\cpp_helpers.obj
c:\users\maru\downloads\protobuf-2.4.1\protobuf-2.4.1\vsprojects\release\cpp_message.obj
c:\users\maru\downloads\protobuf-2.4.1\protobuf-2.4.1\vsprojects\release\cpp_message_field.obj
c:\users\maru\downloads\protobuf-2.4.1\protobuf-2.4.1\vsprojects\release\cpp_primitive_field.obj
c:\users\maru\downloads\protobuf-2.4.1\protobuf-2.4.1\vsprojects\release\cpp_service.obj
c:\users\maru\downloads\protobuf-2.4.1\protobuf-2.4.1\vsprojects\release\cpp_string_field.obj
c:\users\maru\downloads\protobuf-2.4.1\protobuf-2.4.1\vsprojects\release\java_enum.obj
c:\users\maru\downloads\protobuf-2.4.1\protobuf-2.4.1\vsprojects\release\java_enum_field.obj
c:\users\maru\downloads\protobuf-2.4.1\protobuf-2.4.1\vsprojects\release\java_extension.obj
c:\users\maru\downloads\protobuf-2.4.1\protobuf-2.4.1\vsprojects\release\java_field.obj
c:\users\maru\downloads\protobuf-2.4.1\protobuf-2.4.1\vsprojects\release\java_file.obj
c:\users\maru\downloads\protobuf-2.4.1\protobuf-2.4.1\vsprojects\release\java_generator.obj
c:\users\maru\downloads\protobuf-2.4.1\protobuf-2.4.1\vsprojects\release\java_helpers.obj
c:\users\maru\downloads\protobuf-2.4.1\protobuf-2.4.1\vsprojects\release\java_message.obj
c:\users\maru\downloads\protobuf-2.4.1\protobuf-2.4.1\vsprojects\release\java_message_field.obj
c:\users\maru\downloads\protobuf-2.4.1\protobuf-2.4.1\vsprojects\release\java_primitive_field.obj
c:\users\maru\downloads\protobuf-2.4.1\protobuf-2.4.1\vsprojects\release\java_service.obj
c:\users\maru\downloads\protobuf-2.4.1\protobuf-2.4.1\vsprojects\release\java_string_field.obj
c:\users\maru\downloads\protobuf-2.4.1\protobuf-2.4.1\vsprojects\release\main.obj
c:\users\maru\downloads\protobuf-2.4.1\protobuf-2.4.1\vsprojects\release\plugin.obj
c:\users\maru\downloads\protobuf-2.4.1\protobuf-2.4.1\vsprojects\release\plugin.pb.obj
c:\users\maru\downloads\protobuf-2.4.1\protobuf-2.4.1\vsprojects\release\python_generator.obj
c:\users\maru\downloads\protobuf-2.4.1\protobuf-2.4.1\vsprojects\release\subprocess.obj
c:\users\maru\downloads\protobuf-2.4.1\protobuf-2.4.1\vsprojects\release\zip_writer.obj
c:\users\maru\downloads\protobuf-2.4.1\protobuf-2.4.1\vsprojects\release\libprotobuf.tlog\cl.command.1.tlog
c:\users\maru\downloads\protobuf-2.4.1\protobuf-2.4.1\vsprojects\release\libprotobuf.tlog\cl.read.1.tlog
c:\users\maru\downloads\protobuf-2.4.1\protobuf-2.4.1\vsprojects\release\libprotobuf.tlog\cl.write.1.tlog
c:\users\maru\downloads\protobuf-2.4.1\protobuf-2.4.1\vsprojects\release\libprotobuf.tlog\lib-link.read.1.tlog
c:\users\maru\downloads\protobuf-2.4.1\protobuf-2.4.1\vsprojects\release\libprotobuf.tlog\lib-link.write.1.tlog
c:\users\maru\downloads\protobuf-2.4.1\protobuf-2.4.1\vsprojects\release\libprotobuf.tlog\lib.command.1.tlog
